<html>
<head>
<title>TestNG:  Test</title>
<link href="../testng.css" rel="stylesheet" type="text/css" />
<link href="../my-testng.css" rel="stylesheet" type="text/css" />

<style type="text/css">
.log { display: none;} 
.stack-trace { display: none;} 
</style>
<script type="text/javascript">
<!--
function flip(e) {
  current = e.style.display;
  if (current == 'block') {
    e.style.display = 'none';
    return 0;
  }
  else {
    e.style.display = 'block';
    return 1;
  }
}

function toggleBox(szDivId, elem, msg1, msg2)
{
  var res = -1;  if (document.getElementById) {
    res = flip(document.getElementById(szDivId));
  }
  else if (document.all) {
    // this is the way old msie versions work
    res = flip(document.all[szDivId]);
  }
  if(elem) {
    if(res == 0) elem.innerHTML = msg1; else elem.innerHTML = msg2;
  }

}

function toggleAllBoxes() {
  if (document.getElementsByTagName) {
    d = document.getElementsByTagName('div');
    for (i = 0; i < d.length; i++) {
      if (d[i].className == 'log') {
        flip(d[i]);
      }
    }
  }
}

// -->
</script>

</head>
<body>
<h2 align='center'>Test</h2><table border='1' align="center">
<tr>
<td>Tests passed/Failed/Skipped:</td><td>0/6/0</td>
</tr><tr>
<td>Started on:</td><td>Tue Mar 14 18:09:55 IST 2023</td>
</tr>
<tr><td>Total time:</td><td>288 seconds (288929 ms)</td>
</tr><tr>
<td>Included groups:</td><td></td>
</tr><tr>
<td>Excluded groups:</td><td></td>
</tr>
</table><p/>
<small><i>(Hover the method name to see the test class name)</i></small><p/>
<table width='100%' border='1' class='invocation-failed'>
<tr><td colspan='4' align='center'><b>FAILED TESTS</b></td></tr>
<tr><td><b>Test method</b></td>
<td><b>Attribute(s)</b></td>
<td width="30%"><b>Exception</b></td>
<td width="10%"><b>Time (seconds)</b></td>
<td><b>Instance</b></td>
</tr>
<tr>
<td title='com.employee.CameraAccessTest2.empId()'><b>empId</b><br>Test class: com.employee.CameraAccessTest2</td>
<td><div><pre>org.openqa.selenium.WebDriverException: Could not start Mobile Browser.
 Reason: 
An unknown server-side error occurred while processing the command. Original error: Cannot start the &apos;com.android.calculator2&apos; application. Visit https://github.com/appium/appium/blob/master/docs/en/writing-running-appium/android/activity-startup.md for troubleshooting. Original error: Error executing adbExec. Original error: &apos;Command &apos;android-sdk/platform-tools/adb -P 5037 -s 88MX01NQR shell am start -W -n com.android.calculator2/com.android.calculator2.Calculator -S -a android.intent.action.MAIN -c android.intent.category.LAUNCHER -f 0x10200000&apos; timed out after 120000ms&apos;. Try to increase the 120000ms adb execution timeout represented by &apos;adbExecTimeout&apos; capability (WARNING: The server did not provide any stacktrace information)
Command duration or timeout: 287.96 seconds
Build info: version: &apos;unknown&apos;, revision: &apos;unknown&apos;, time: &apos;unknown&apos;
System info: host: &apos;DCKAQOC-050&apos;, ip: &apos;192.168.1.5&apos;, os.name: &apos;Windows 10&apos;, os.arch: &apos;amd64&apos;, os.version: &apos;10.0&apos;, java.version: &apos;11.0.17&apos;
Driver info: driver.version: RemoteWebDriver
	at org.openqa.selenium.remote.ErrorHandler.a(Unknown Source)
	at org.openqa.selenium.remote.ErrorHandler.throwIfResponseFailed(Unknown Source)
	at org.openqa.selenium.remote.JsonWireProtocolResponse.b(Unknown Source)
	at org.openqa.selenium.remote.HandshakeResponse.a(Unknown Source)
	at org.openqa.selenium.remote.ProtocolHandshake.a(Unknown Source)
	at java.base/java.util.stream.ReferencePipeline$3$1.accept(ReferencePipeline.java:195)
	at java.base/java.util.Spliterators$ArraySpliterator.tryAdvance(Spliterators.java:958)
	at java.base/java.util.stream.ReferencePipeline.forEachWithCancel(ReferencePipeline.java:127)
	at java.base/java.util.stream.AbstractPipeline.copyIntoWithCancel(AbstractPipeline.java:502)
	at java.base/java.util.stream.AbstractPipeline.copyInto(AbstractPipeline.java:488)
	at java.base/java.util.stream.AbstractPipeline.wrapAndCopyInto(AbstractPipeline.java:474)
	at java.base/java.util.stream.FindOps$FindOp.evaluateSequential(FindOps.java:150)
	at java.base/java.util.stream.AbstractPipeline.evaluate(AbstractPipeline.java:234)
	at java.base/java.util.stream.ReferencePipeline.findFirst(ReferencePipeline.java:543)
	at org.openqa.selenium.remote.ProtocolHandshake.a(Unknown Source)
	at org.openqa.selenium.remote.ProtocolHandshake.createSession(Unknown Source)
	at org.openqa.selenium.remote.HttpCommandExecutor.execute(Unknown Source)
	at org.openqa.selenium.remote.RemoteWebDriver.execute(Unknown Source)
	at org.openqa.selenium.remote.RemoteWebDriver.startSession(Unknown Source)
	at org.openqa.selenium.remote.RemoteWebDriver.&lt;init&gt;(Unknown Source)
	at org.openqa.selenium.remote.RemoteWebDriver.&lt;init&gt;(Unknown Source)
	at com.employee.CameraAccessTest2.empId(CameraAccessTest2.java:48)
	at java.base/java.util.concurrent.ThreadPoolExecutor.runWorker(ThreadPoolExecutor.java:1128)
	at java.base/java.util.concurrent.ThreadPoolExecutor$Worker.run(ThreadPoolExecutor.java:628)
	at java.base/java.lang.Thread.run(Thread.java:834)
... Removed 16 stack frames</pre></div><a href='#' onClick='toggleBox("stack-trace2084931557", this, "Click to show all stack frames", "Click to hide stack frames")'>Click to show all stack frames</a>
<div class='stack-trace' id='stack-trace2084931557'><pre>org.openqa.selenium.WebDriverException: Could not start Mobile Browser.
 Reason: 
An unknown server-side error occurred while processing the command. Original error: Cannot start the &apos;com.android.calculator2&apos; application. Visit https://github.com/appium/appium/blob/master/docs/en/writing-running-appium/android/activity-startup.md for troubleshooting. Original error: Error executing adbExec. Original error: &apos;Command &apos;android-sdk/platform-tools/adb -P 5037 -s 88MX01NQR shell am start -W -n com.android.calculator2/com.android.calculator2.Calculator -S -a android.intent.action.MAIN -c android.intent.category.LAUNCHER -f 0x10200000&apos; timed out after 120000ms&apos;. Try to increase the 120000ms adb execution timeout represented by &apos;adbExecTimeout&apos; capability (WARNING: The server did not provide any stacktrace information)
Command duration or timeout: 287.96 seconds
Build info: version: &apos;unknown&apos;, revision: &apos;unknown&apos;, time: &apos;unknown&apos;
System info: host: &apos;DCKAQOC-050&apos;, ip: &apos;192.168.1.5&apos;, os.name: &apos;Windows 10&apos;, os.arch: &apos;amd64&apos;, os.version: &apos;10.0&apos;, java.version: &apos;11.0.17&apos;
Driver info: driver.version: RemoteWebDriver
	at java.base/jdk.internal.reflect.NativeConstructorAccessorImpl.newInstance0(Native Method)
	at java.base/jdk.internal.reflect.NativeConstructorAccessorImpl.newInstance(NativeConstructorAccessorImpl.java:62)
	at java.base/jdk.internal.reflect.DelegatingConstructorAccessorImpl.newInstance(DelegatingConstructorAccessorImpl.java:45)
	at java.base/java.lang.reflect.Constructor.newInstance(Constructor.java:490)
	at org.openqa.selenium.remote.ErrorHandler.a(Unknown Source)
	at org.openqa.selenium.remote.ErrorHandler.throwIfResponseFailed(Unknown Source)
	at org.openqa.selenium.remote.JsonWireProtocolResponse.b(Unknown Source)
	at org.openqa.selenium.remote.HandshakeResponse.a(Unknown Source)
	at org.openqa.selenium.remote.ProtocolHandshake.a(Unknown Source)
	at java.base/java.util.stream.ReferencePipeline$3$1.accept(ReferencePipeline.java:195)
	at java.base/java.util.Spliterators$ArraySpliterator.tryAdvance(Spliterators.java:958)
	at java.base/java.util.stream.ReferencePipeline.forEachWithCancel(ReferencePipeline.java:127)
	at java.base/java.util.stream.AbstractPipeline.copyIntoWithCancel(AbstractPipeline.java:502)
	at java.base/java.util.stream.AbstractPipeline.copyInto(AbstractPipeline.java:488)
	at java.base/java.util.stream.AbstractPipeline.wrapAndCopyInto(AbstractPipeline.java:474)
	at java.base/java.util.stream.FindOps$FindOp.evaluateSequential(FindOps.java:150)
	at java.base/java.util.stream.AbstractPipeline.evaluate(AbstractPipeline.java:234)
	at java.base/java.util.stream.ReferencePipeline.findFirst(ReferencePipeline.java:543)
	at org.openqa.selenium.remote.ProtocolHandshake.a(Unknown Source)
	at org.openqa.selenium.remote.ProtocolHandshake.createSession(Unknown Source)
	at org.openqa.selenium.remote.HttpCommandExecutor.execute(Unknown Source)
	at org.openqa.selenium.remote.RemoteWebDriver.execute(Unknown Source)
	at org.openqa.selenium.remote.RemoteWebDriver.startSession(Unknown Source)
	at org.openqa.selenium.remote.RemoteWebDriver.&lt;init&gt;(Unknown Source)
	at org.openqa.selenium.remote.RemoteWebDriver.&lt;init&gt;(Unknown Source)
	at com.employee.CameraAccessTest2.empId(CameraAccessTest2.java:48)
	at java.base/jdk.internal.reflect.NativeMethodAccessorImpl.invoke0(Native Method)
	at java.base/jdk.internal.reflect.NativeMethodAccessorImpl.invoke(NativeMethodAccessorImpl.java:62)
	at java.base/jdk.internal.reflect.DelegatingMethodAccessorImpl.invoke(DelegatingMethodAccessorImpl.java:43)
	at java.base/java.lang.reflect.Method.invoke(Method.java:566)
	at org.testng.internal.invokers.MethodInvocationHelper.invokeMethod(MethodInvocationHelper.java:139)
	at org.testng.internal.invokers.TestInvoker.invokeMethod(TestInvoker.java:677)
	at org.testng.internal.invokers.TestInvoker.invokeTestMethod(TestInvoker.java:221)
	at org.testng.internal.invokers.MethodRunner.runInSequence(MethodRunner.java:50)
	at org.testng.internal.invokers.TestInvoker$MethodInvocationAgent.invoke(TestInvoker.java:962)
	at org.testng.internal.invokers.TestInvoker.invokeTestMethods(TestInvoker.java:194)
	at org.testng.internal.invokers.TestMethodWorker.invokeTestMethods(TestMethodWorker.java:148)
	at org.testng.internal.invokers.TestMethodWorker.run(TestMethodWorker.java:128)
	at java.base/java.util.concurrent.ThreadPoolExecutor.runWorker(ThreadPoolExecutor.java:1128)
	at java.base/java.util.concurrent.ThreadPoolExecutor$Worker.run(ThreadPoolExecutor.java:628)
	at java.base/java.lang.Thread.run(Thread.java:834)
</pre></div></td>
<td>288</td>
<td>com.employee.CameraAccessTest2@11eadcba</td></tr>
<tr>
<td title='com.employee.CameraAccessTest3.empId()'><b>empId</b><br>Test class: com.employee.CameraAccessTest3</td>
<td><div><pre>org.openqa.selenium.NoSuchElementException: An element could not be located on the page using the given search parameters. (WARNING: The server did not provide any stacktrace information)
Command duration or timeout: 0 milliseconds
For documentation on this error, please visit: https://www.seleniumhq.org/exceptions/no_such_element.html
Build info: version: &apos;unknown&apos;, revision: &apos;unknown&apos;, time: &apos;unknown&apos;
System info: host: &apos;DCKAQOC-050&apos;, ip: &apos;192.168.1.5&apos;, os.name: &apos;Windows 10&apos;, os.arch: &apos;amd64&apos;, os.version: &apos;10.0&apos;, java.version: &apos;11.0.17&apos;
Driver info: org.openqa.selenium.remote.RemoteWebDriver
Capabilities {64bit: false, acceptSslCert: false, acceptSslCerts: false, adbExecTimeout: 120000, appActivity: com.android.calculator2.Cal..., appPackage: com.android.calculator2, autoGrantPermissions: true, automationName: uiautomator2, browserstack.appium_version: 1.17.0, browserstack.is_hub_canary: false, browserstack.minOSVersion: 5.0, buildName: browserstack-build-1, bundleID: com.android.calculator2, bundleId: com.android.calculator2, capabilities: {64bit: false, acceptSslCert: false, acceptSslCerts: false, adbExecTimeout: 120000, appActivity: com.android.calculator2.Cal..., appPackage: com.android.calculator2, autoGrantPermissions: true, automationName: uiautomator2, browserstack.appium_version: 1.17.0, browserstack.is_hub_canary: false, browserstack.minOSVersion: 5.0, buildName: browserstack-build-1, bundleID: com.android.calculator2, bundleId: com.android.calculator2, chromeOptions: {w3c: false}, chromedriverArgs: [--adb-port=5038], chromedriverPort: 18083, chromedriverPorts: [[18133, 18143]], databaseEnabled: false, detected_language: selenium/unknown (java wind..., device: samsung galaxy s23 ultra, deviceApiLevel: 33, deviceManufacturer: samsung, deviceModel: SM-S918B, deviceName: RFCW11SEVWA, deviceScreenDensity: 450, deviceScreenSize: 1080x2316, deviceUDID: RFCW11SEVWA, disableSuppressAccessibilityService: true, enablePerformanceLogging: false, javascriptEnabled: true, locationContextEnabled: false, mobile: {browser: mobile, version: Samsung Galaxy S23 Ultra-13.0}, nativeWebScreenshot: true, networkConnectionEnabled: true, newCommandTimeout: 0, new_bucketing: true, orig_os: android, osVersion: 13.0, os_version: 13.0, pixelRatio: 2.8125, platform: ANDROID, platformName: Android, platformVersion: 13, projectName: First Java Project, realMobile: true, sessionId: ea127ff6c45d7bf5f38c75ce2ae..., sessionName: first_test, skipServerInstallation: true, statBarHeight: 75, systemPort: 8203, takesScreenshot: true, udid: RFCW11SEVWA, uiautomator2ServerLaunchTimeout: 60000, version: , viewportRect: {height: 2031, left: 0, top: 75, width: 1080}, warnings: {}, webStorageEnabled: false}, chromeOptions: {w3c: false}, chromedriverArgs: [--adb-port=5038], chromedriverPort: 18083, chromedriverPorts: [[18133, 18143]], databaseEnabled: false, detected_language: selenium/unknown (java wind..., device: samsung galaxy s23 ultra, deviceApiLevel: 33, deviceManufacturer: samsung, deviceModel: SM-S918B, deviceName: RFCW11SEVWA, deviceScreenDensity: 450, deviceScreenSize: 1080x2316, deviceUDID: RFCW11SEVWA, disableSuppressAccessibilityService: true, enablePerformanceLogging: false, javascriptEnabled: true, locationContextEnabled: false, mobile: {browser: mobile, version: Samsung Galaxy S23 Ultra-13.0}, nativeWebScreenshot: true, networkConnectionEnabled: true, newCommandTimeout: 0, new_bucketing: true, orig_os: android, osVersion: 13.0, os_version: 13.0, pixelRatio: 2.8125, platform: ANDROID, platformName: ANDROID, platformVersion: 13, projectName: First Java Project, realMobile: true, sessionId: ea127ff6c45d7bf5f38c75ce2ae..., sessionName: first_test, skipServerInstallation: true, statBarHeight: 75, systemPort: 8203, takesScreenshot: true, udid: RFCW11SEVWA, uiautomator2ServerLaunchTimeout: 60000, version: , viewportRect: {height: 2031, left: 0, top: 75, width: 1080}, warnings: {}, webStorageEnabled: false}
Session ID: ea127ff6c45d7bf5f38c75ce2ae5e3a19cf3babf
*** Element info: {Using=id, value=btn1}
	at org.openqa.selenium.remote.ErrorHandler.a(Unknown Source)
	at org.openqa.selenium.remote.ErrorHandler.throwIfResponseFailed(Unknown Source)
	at org.openqa.selenium.remote.http.JsonHttpResponseCodec.reconstructValue(Unknown Source)
	at org.openqa.selenium.remote.http.AbstractHttpResponseCodec.decode(Unknown Source)
	at org.openqa.selenium.remote.http.AbstractHttpResponseCodec.decode(Unknown Source)
	at org.openqa.selenium.remote.HttpCommandExecutor.execute(Unknown Source)
	at org.openqa.selenium.remote.RemoteWebDriver.execute(Unknown Source)
	at org.openqa.selenium.remote.RemoteWebDriver.findElement(Unknown Source)
	at org.openqa.selenium.remote.RemoteWebDriver.findElementById(Unknown Source)
	at org.openqa.selenium.By$ById.findElement(Unknown Source)
	at org.openqa.selenium.remote.RemoteWebDriver.findElement(Unknown Source)
	at com.employee.CameraAccessTest3.empId(CameraAccessTest3.java:52)
	at java.base/java.util.concurrent.ThreadPoolExecutor.runWorker(ThreadPoolExecutor.java:1128)
	at java.base/java.util.concurrent.ThreadPoolExecutor$Worker.run(ThreadPoolExecutor.java:628)
	at java.base/java.lang.Thread.run(Thread.java:834)
... Removed 16 stack frames</pre></div><a href='#' onClick='toggleBox("stack-trace174905005", this, "Click to show all stack frames", "Click to hide stack frames")'>Click to show all stack frames</a>
<div class='stack-trace' id='stack-trace174905005'><pre>org.openqa.selenium.NoSuchElementException: An element could not be located on the page using the given search parameters. (WARNING: The server did not provide any stacktrace information)
Command duration or timeout: 0 milliseconds
For documentation on this error, please visit: https://www.seleniumhq.org/exceptions/no_such_element.html
Build info: version: &apos;unknown&apos;, revision: &apos;unknown&apos;, time: &apos;unknown&apos;
System info: host: &apos;DCKAQOC-050&apos;, ip: &apos;192.168.1.5&apos;, os.name: &apos;Windows 10&apos;, os.arch: &apos;amd64&apos;, os.version: &apos;10.0&apos;, java.version: &apos;11.0.17&apos;
Driver info: org.openqa.selenium.remote.RemoteWebDriver
Capabilities {64bit: false, acceptSslCert: false, acceptSslCerts: false, adbExecTimeout: 120000, appActivity: com.android.calculator2.Cal..., appPackage: com.android.calculator2, autoGrantPermissions: true, automationName: uiautomator2, browserstack.appium_version: 1.17.0, browserstack.is_hub_canary: false, browserstack.minOSVersion: 5.0, buildName: browserstack-build-1, bundleID: com.android.calculator2, bundleId: com.android.calculator2, capabilities: {64bit: false, acceptSslCert: false, acceptSslCerts: false, adbExecTimeout: 120000, appActivity: com.android.calculator2.Cal..., appPackage: com.android.calculator2, autoGrantPermissions: true, automationName: uiautomator2, browserstack.appium_version: 1.17.0, browserstack.is_hub_canary: false, browserstack.minOSVersion: 5.0, buildName: browserstack-build-1, bundleID: com.android.calculator2, bundleId: com.android.calculator2, chromeOptions: {w3c: false}, chromedriverArgs: [--adb-port=5038], chromedriverPort: 18083, chromedriverPorts: [[18133, 18143]], databaseEnabled: false, detected_language: selenium/unknown (java wind..., device: samsung galaxy s23 ultra, deviceApiLevel: 33, deviceManufacturer: samsung, deviceModel: SM-S918B, deviceName: RFCW11SEVWA, deviceScreenDensity: 450, deviceScreenSize: 1080x2316, deviceUDID: RFCW11SEVWA, disableSuppressAccessibilityService: true, enablePerformanceLogging: false, javascriptEnabled: true, locationContextEnabled: false, mobile: {browser: mobile, version: Samsung Galaxy S23 Ultra-13.0}, nativeWebScreenshot: true, networkConnectionEnabled: true, newCommandTimeout: 0, new_bucketing: true, orig_os: android, osVersion: 13.0, os_version: 13.0, pixelRatio: 2.8125, platform: ANDROID, platformName: Android, platformVersion: 13, projectName: First Java Project, realMobile: true, sessionId: ea127ff6c45d7bf5f38c75ce2ae..., sessionName: first_test, skipServerInstallation: true, statBarHeight: 75, systemPort: 8203, takesScreenshot: true, udid: RFCW11SEVWA, uiautomator2ServerLaunchTimeout: 60000, version: , viewportRect: {height: 2031, left: 0, top: 75, width: 1080}, warnings: {}, webStorageEnabled: false}, chromeOptions: {w3c: false}, chromedriverArgs: [--adb-port=5038], chromedriverPort: 18083, chromedriverPorts: [[18133, 18143]], databaseEnabled: false, detected_language: selenium/unknown (java wind..., device: samsung galaxy s23 ultra, deviceApiLevel: 33, deviceManufacturer: samsung, deviceModel: SM-S918B, deviceName: RFCW11SEVWA, deviceScreenDensity: 450, deviceScreenSize: 1080x2316, deviceUDID: RFCW11SEVWA, disableSuppressAccessibilityService: true, enablePerformanceLogging: false, javascriptEnabled: true, locationContextEnabled: false, mobile: {browser: mobile, version: Samsung Galaxy S23 Ultra-13.0}, nativeWebScreenshot: true, networkConnectionEnabled: true, newCommandTimeout: 0, new_bucketing: true, orig_os: android, osVersion: 13.0, os_version: 13.0, pixelRatio: 2.8125, platform: ANDROID, platformName: ANDROID, platformVersion: 13, projectName: First Java Project, realMobile: true, sessionId: ea127ff6c45d7bf5f38c75ce2ae..., sessionName: first_test, skipServerInstallation: true, statBarHeight: 75, systemPort: 8203, takesScreenshot: true, udid: RFCW11SEVWA, uiautomator2ServerLaunchTimeout: 60000, version: , viewportRect: {height: 2031, left: 0, top: 75, width: 1080}, warnings: {}, webStorageEnabled: false}
Session ID: ea127ff6c45d7bf5f38c75ce2ae5e3a19cf3babf
*** Element info: {Using=id, value=btn1}
	at java.base/jdk.internal.reflect.NativeConstructorAccessorImpl.newInstance0(Native Method)
	at java.base/jdk.internal.reflect.NativeConstructorAccessorImpl.newInstance(NativeConstructorAccessorImpl.java:62)
	at java.base/jdk.internal.reflect.DelegatingConstructorAccessorImpl.newInstance(DelegatingConstructorAccessorImpl.java:45)
	at java.base/java.lang.reflect.Constructor.newInstance(Constructor.java:490)
	at org.openqa.selenium.remote.ErrorHandler.a(Unknown Source)
	at org.openqa.selenium.remote.ErrorHandler.throwIfResponseFailed(Unknown Source)
	at org.openqa.selenium.remote.http.JsonHttpResponseCodec.reconstructValue(Unknown Source)
	at org.openqa.selenium.remote.http.AbstractHttpResponseCodec.decode(Unknown Source)
	at org.openqa.selenium.remote.http.AbstractHttpResponseCodec.decode(Unknown Source)
	at org.openqa.selenium.remote.HttpCommandExecutor.execute(Unknown Source)
	at org.openqa.selenium.remote.RemoteWebDriver.execute(Unknown Source)
	at org.openqa.selenium.remote.RemoteWebDriver.findElement(Unknown Source)
	at org.openqa.selenium.remote.RemoteWebDriver.findElementById(Unknown Source)
	at org.openqa.selenium.By$ById.findElement(Unknown Source)
	at org.openqa.selenium.remote.RemoteWebDriver.findElement(Unknown Source)
	at com.employee.CameraAccessTest3.empId(CameraAccessTest3.java:52)
	at java.base/jdk.internal.reflect.NativeMethodAccessorImpl.invoke0(Native Method)
	at java.base/jdk.internal.reflect.NativeMethodAccessorImpl.invoke(NativeMethodAccessorImpl.java:62)
	at java.base/jdk.internal.reflect.DelegatingMethodAccessorImpl.invoke(DelegatingMethodAccessorImpl.java:43)
	at java.base/java.lang.reflect.Method.invoke(Method.java:566)
	at org.testng.internal.invokers.MethodInvocationHelper.invokeMethod(MethodInvocationHelper.java:139)
	at org.testng.internal.invokers.TestInvoker.invokeMethod(TestInvoker.java:677)
	at org.testng.internal.invokers.TestInvoker.invokeTestMethod(TestInvoker.java:221)
	at org.testng.internal.invokers.MethodRunner.runInSequence(MethodRunner.java:50)
	at org.testng.internal.invokers.TestInvoker$MethodInvocationAgent.invoke(TestInvoker.java:962)
	at org.testng.internal.invokers.TestInvoker.invokeTestMethods(TestInvoker.java:194)
	at org.testng.internal.invokers.TestMethodWorker.invokeTestMethods(TestMethodWorker.java:148)
	at org.testng.internal.invokers.TestMethodWorker.run(TestMethodWorker.java:128)
	at java.base/java.util.concurrent.ThreadPoolExecutor.runWorker(ThreadPoolExecutor.java:1128)
	at java.base/java.util.concurrent.ThreadPoolExecutor$Worker.run(ThreadPoolExecutor.java:628)
	at java.base/java.lang.Thread.run(Thread.java:834)
</pre></div></td>
<td>49</td>
<td>com.employee.CameraAccessTest3@2bef51f2</td></tr>
<tr>
<td title='com.employee.CameraAccessTest6.empId()'><b>empId</b><br>Test class: com.employee.CameraAccessTest6</td>
<td><div><pre>org.openqa.selenium.NoSuchElementException: An element could not be located on the page using the given search parameters. (WARNING: The server did not provide any stacktrace information)
Command duration or timeout: 0 milliseconds
For documentation on this error, please visit: https://www.seleniumhq.org/exceptions/no_such_element.html
Build info: version: &apos;unknown&apos;, revision: &apos;unknown&apos;, time: &apos;unknown&apos;
System info: host: &apos;DCKAQOC-050&apos;, ip: &apos;192.168.1.5&apos;, os.name: &apos;Windows 10&apos;, os.arch: &apos;amd64&apos;, os.version: &apos;10.0&apos;, java.version: &apos;11.0.17&apos;
Driver info: org.openqa.selenium.remote.RemoteWebDriver
Capabilities {64bit: false, acceptSslCert: false, acceptSslCerts: false, adbExecTimeout: 120000, appActivity: com.android.calculator2.Cal..., appPackage: com.android.calculator2, autoGrantPermissions: true, automationName: uiautomator2, browserstack.appium_version: 1.17.0, browserstack.is_hub_canary: false, browserstack.minOSVersion: 5.0, buildName: browserstack-build-1, bundleID: com.android.calculator2, bundleId: com.android.calculator2, capabilities: {64bit: false, acceptSslCert: false, acceptSslCerts: false, adbExecTimeout: 120000, appActivity: com.android.calculator2.Cal..., appPackage: com.android.calculator2, autoGrantPermissions: true, automationName: uiautomator2, browserstack.appium_version: 1.17.0, browserstack.is_hub_canary: false, browserstack.minOSVersion: 5.0, buildName: browserstack-build-1, bundleID: com.android.calculator2, bundleId: com.android.calculator2, chromeOptions: {w3c: false}, chromedriverArgs: [--adb-port=5038], chromedriverPort: 18086, chromedriverPorts: [[18166, 18176]], databaseEnabled: false, detected_language: selenium/unknown (java wind..., device: samsung galaxy s23 ultra, deviceApiLevel: 33, deviceManufacturer: samsung, deviceModel: SM-S918B, deviceName: RZCW1290T1J, deviceScreenDensity: 450, deviceScreenSize: 1080x2316, deviceUDID: RZCW1290T1J, disableSuppressAccessibilityService: true, enablePerformanceLogging: false, javascriptEnabled: true, locationContextEnabled: false, mobile: {browser: mobile, version: Samsung Galaxy S23 Ultra-13.0}, nativeWebScreenshot: true, networkConnectionEnabled: true, newCommandTimeout: 0, new_bucketing: true, orig_os: android, osVersion: 13.0, os_version: 13.0, pixelRatio: 2.8125, platform: ANDROID, platformName: Android, platformVersion: 13, projectName: First Java Project, realMobile: true, sessionId: 3e6c44eefd514ef9c1aa26aa6c6..., sessionName: first_test, skipServerInstallation: true, statBarHeight: 75, systemPort: 8206, takesScreenshot: true, udid: RZCW1290T1J, uiautomator2ServerLaunchTimeout: 60000, version: , viewportRect: {height: 2031, left: 0, top: 75, width: 1080}, warnings: {}, webStorageEnabled: false}, chromeOptions: {w3c: false}, chromedriverArgs: [--adb-port=5038], chromedriverPort: 18086, chromedriverPorts: [[18166, 18176]], databaseEnabled: false, detected_language: selenium/unknown (java wind..., device: samsung galaxy s23 ultra, deviceApiLevel: 33, deviceManufacturer: samsung, deviceModel: SM-S918B, deviceName: RZCW1290T1J, deviceScreenDensity: 450, deviceScreenSize: 1080x2316, deviceUDID: RZCW1290T1J, disableSuppressAccessibilityService: true, enablePerformanceLogging: false, javascriptEnabled: true, locationContextEnabled: false, mobile: {browser: mobile, version: Samsung Galaxy S23 Ultra-13.0}, nativeWebScreenshot: true, networkConnectionEnabled: true, newCommandTimeout: 0, new_bucketing: true, orig_os: android, osVersion: 13.0, os_version: 13.0, pixelRatio: 2.8125, platform: ANDROID, platformName: ANDROID, platformVersion: 13, projectName: First Java Project, realMobile: true, sessionId: 3e6c44eefd514ef9c1aa26aa6c6..., sessionName: first_test, skipServerInstallation: true, statBarHeight: 75, systemPort: 8206, takesScreenshot: true, udid: RZCW1290T1J, uiautomator2ServerLaunchTimeout: 60000, version: , viewportRect: {height: 2031, left: 0, top: 75, width: 1080}, warnings: {}, webStorageEnabled: false}
Session ID: 3e6c44eefd514ef9c1aa26aa6c697ce0f6b46d32
*** Element info: {Using=id, value=btn1}
	at org.openqa.selenium.remote.ErrorHandler.a(Unknown Source)
	at org.openqa.selenium.remote.ErrorHandler.throwIfResponseFailed(Unknown Source)
	at org.openqa.selenium.remote.http.JsonHttpResponseCodec.reconstructValue(Unknown Source)
	at org.openqa.selenium.remote.http.AbstractHttpResponseCodec.decode(Unknown Source)
	at org.openqa.selenium.remote.http.AbstractHttpResponseCodec.decode(Unknown Source)
	at org.openqa.selenium.remote.HttpCommandExecutor.execute(Unknown Source)
	at org.openqa.selenium.remote.RemoteWebDriver.execute(Unknown Source)
	at org.openqa.selenium.remote.RemoteWebDriver.findElement(Unknown Source)
	at org.openqa.selenium.remote.RemoteWebDriver.findElementById(Unknown Source)
	at org.openqa.selenium.By$ById.findElement(Unknown Source)
	at org.openqa.selenium.remote.RemoteWebDriver.findElement(Unknown Source)
	at com.employee.CameraAccessTest6.empId(CameraAccessTest6.java:52)
	at java.base/java.util.concurrent.ThreadPoolExecutor.runWorker(ThreadPoolExecutor.java:1128)
	at java.base/java.util.concurrent.ThreadPoolExecutor$Worker.run(ThreadPoolExecutor.java:628)
	at java.base/java.lang.Thread.run(Thread.java:834)
... Removed 16 stack frames</pre></div><a href='#' onClick='toggleBox("stack-trace532968626", this, "Click to show all stack frames", "Click to hide stack frames")'>Click to show all stack frames</a>
<div class='stack-trace' id='stack-trace532968626'><pre>org.openqa.selenium.NoSuchElementException: An element could not be located on the page using the given search parameters. (WARNING: The server did not provide any stacktrace information)
Command duration or timeout: 0 milliseconds
For documentation on this error, please visit: https://www.seleniumhq.org/exceptions/no_such_element.html
Build info: version: &apos;unknown&apos;, revision: &apos;unknown&apos;, time: &apos;unknown&apos;
System info: host: &apos;DCKAQOC-050&apos;, ip: &apos;192.168.1.5&apos;, os.name: &apos;Windows 10&apos;, os.arch: &apos;amd64&apos;, os.version: &apos;10.0&apos;, java.version: &apos;11.0.17&apos;
Driver info: org.openqa.selenium.remote.RemoteWebDriver
Capabilities {64bit: false, acceptSslCert: false, acceptSslCerts: false, adbExecTimeout: 120000, appActivity: com.android.calculator2.Cal..., appPackage: com.android.calculator2, autoGrantPermissions: true, automationName: uiautomator2, browserstack.appium_version: 1.17.0, browserstack.is_hub_canary: false, browserstack.minOSVersion: 5.0, buildName: browserstack-build-1, bundleID: com.android.calculator2, bundleId: com.android.calculator2, capabilities: {64bit: false, acceptSslCert: false, acceptSslCerts: false, adbExecTimeout: 120000, appActivity: com.android.calculator2.Cal..., appPackage: com.android.calculator2, autoGrantPermissions: true, automationName: uiautomator2, browserstack.appium_version: 1.17.0, browserstack.is_hub_canary: false, browserstack.minOSVersion: 5.0, buildName: browserstack-build-1, bundleID: com.android.calculator2, bundleId: com.android.calculator2, chromeOptions: {w3c: false}, chromedriverArgs: [--adb-port=5038], chromedriverPort: 18086, chromedriverPorts: [[18166, 18176]], databaseEnabled: false, detected_language: selenium/unknown (java wind..., device: samsung galaxy s23 ultra, deviceApiLevel: 33, deviceManufacturer: samsung, deviceModel: SM-S918B, deviceName: RZCW1290T1J, deviceScreenDensity: 450, deviceScreenSize: 1080x2316, deviceUDID: RZCW1290T1J, disableSuppressAccessibilityService: true, enablePerformanceLogging: false, javascriptEnabled: true, locationContextEnabled: false, mobile: {browser: mobile, version: Samsung Galaxy S23 Ultra-13.0}, nativeWebScreenshot: true, networkConnectionEnabled: true, newCommandTimeout: 0, new_bucketing: true, orig_os: android, osVersion: 13.0, os_version: 13.0, pixelRatio: 2.8125, platform: ANDROID, platformName: Android, platformVersion: 13, projectName: First Java Project, realMobile: true, sessionId: 3e6c44eefd514ef9c1aa26aa6c6..., sessionName: first_test, skipServerInstallation: true, statBarHeight: 75, systemPort: 8206, takesScreenshot: true, udid: RZCW1290T1J, uiautomator2ServerLaunchTimeout: 60000, version: , viewportRect: {height: 2031, left: 0, top: 75, width: 1080}, warnings: {}, webStorageEnabled: false}, chromeOptions: {w3c: false}, chromedriverArgs: [--adb-port=5038], chromedriverPort: 18086, chromedriverPorts: [[18166, 18176]], databaseEnabled: false, detected_language: selenium/unknown (java wind..., device: samsung galaxy s23 ultra, deviceApiLevel: 33, deviceManufacturer: samsung, deviceModel: SM-S918B, deviceName: RZCW1290T1J, deviceScreenDensity: 450, deviceScreenSize: 1080x2316, deviceUDID: RZCW1290T1J, disableSuppressAccessibilityService: true, enablePerformanceLogging: false, javascriptEnabled: true, locationContextEnabled: false, mobile: {browser: mobile, version: Samsung Galaxy S23 Ultra-13.0}, nativeWebScreenshot: true, networkConnectionEnabled: true, newCommandTimeout: 0, new_bucketing: true, orig_os: android, osVersion: 13.0, os_version: 13.0, pixelRatio: 2.8125, platform: ANDROID, platformName: ANDROID, platformVersion: 13, projectName: First Java Project, realMobile: true, sessionId: 3e6c44eefd514ef9c1aa26aa6c6..., sessionName: first_test, skipServerInstallation: true, statBarHeight: 75, systemPort: 8206, takesScreenshot: true, udid: RZCW1290T1J, uiautomator2ServerLaunchTimeout: 60000, version: , viewportRect: {height: 2031, left: 0, top: 75, width: 1080}, warnings: {}, webStorageEnabled: false}
Session ID: 3e6c44eefd514ef9c1aa26aa6c697ce0f6b46d32
*** Element info: {Using=id, value=btn1}
	at java.base/jdk.internal.reflect.NativeConstructorAccessorImpl.newInstance0(Native Method)
	at java.base/jdk.internal.reflect.NativeConstructorAccessorImpl.newInstance(NativeConstructorAccessorImpl.java:62)
	at java.base/jdk.internal.reflect.DelegatingConstructorAccessorImpl.newInstance(DelegatingConstructorAccessorImpl.java:45)
	at java.base/java.lang.reflect.Constructor.newInstance(Constructor.java:490)
	at org.openqa.selenium.remote.ErrorHandler.a(Unknown Source)
	at org.openqa.selenium.remote.ErrorHandler.throwIfResponseFailed(Unknown Source)
	at org.openqa.selenium.remote.http.JsonHttpResponseCodec.reconstructValue(Unknown Source)
	at org.openqa.selenium.remote.http.AbstractHttpResponseCodec.decode(Unknown Source)
	at org.openqa.selenium.remote.http.AbstractHttpResponseCodec.decode(Unknown Source)
	at org.openqa.selenium.remote.HttpCommandExecutor.execute(Unknown Source)
	at org.openqa.selenium.remote.RemoteWebDriver.execute(Unknown Source)
	at org.openqa.selenium.remote.RemoteWebDriver.findElement(Unknown Source)
	at org.openqa.selenium.remote.RemoteWebDriver.findElementById(Unknown Source)
	at org.openqa.selenium.By$ById.findElement(Unknown Source)
	at org.openqa.selenium.remote.RemoteWebDriver.findElement(Unknown Source)
	at com.employee.CameraAccessTest6.empId(CameraAccessTest6.java:52)
	at java.base/jdk.internal.reflect.NativeMethodAccessorImpl.invoke0(Native Method)
	at java.base/jdk.internal.reflect.NativeMethodAccessorImpl.invoke(NativeMethodAccessorImpl.java:62)
	at java.base/jdk.internal.reflect.DelegatingMethodAccessorImpl.invoke(DelegatingMethodAccessorImpl.java:43)
	at java.base/java.lang.reflect.Method.invoke(Method.java:566)
	at org.testng.internal.invokers.MethodInvocationHelper.invokeMethod(MethodInvocationHelper.java:139)
	at org.testng.internal.invokers.TestInvoker.invokeMethod(TestInvoker.java:677)
	at org.testng.internal.invokers.TestInvoker.invokeTestMethod(TestInvoker.java:221)
	at org.testng.internal.invokers.MethodRunner.runInSequence(MethodRunner.java:50)
	at org.testng.internal.invokers.TestInvoker$MethodInvocationAgent.invoke(TestInvoker.java:962)
	at org.testng.internal.invokers.TestInvoker.invokeTestMethods(TestInvoker.java:194)
	at org.testng.internal.invokers.TestMethodWorker.invokeTestMethods(TestMethodWorker.java:148)
	at org.testng.internal.invokers.TestMethodWorker.run(TestMethodWorker.java:128)
	at java.base/java.util.concurrent.ThreadPoolExecutor.runWorker(ThreadPoolExecutor.java:1128)
	at java.base/java.util.concurrent.ThreadPoolExecutor$Worker.run(ThreadPoolExecutor.java:628)
	at java.base/java.lang.Thread.run(Thread.java:834)
</pre></div></td>
<td>185</td>
<td>com.employee.CameraAccessTest6@1e1d3956</td></tr>
<tr>
<td title='com.employee.CameraAccessTest4.empId()'><b>empId</b><br>Test class: com.employee.CameraAccessTest4</td>
<td><div><pre>org.openqa.selenium.NoSuchElementException: An element could not be located on the page using the given search parameters. (WARNING: The server did not provide any stacktrace information)
Command duration or timeout: 0 milliseconds
For documentation on this error, please visit: https://www.seleniumhq.org/exceptions/no_such_element.html
Build info: version: &apos;unknown&apos;, revision: &apos;unknown&apos;, time: &apos;unknown&apos;
System info: host: &apos;DCKAQOC-050&apos;, ip: &apos;192.168.1.5&apos;, os.name: &apos;Windows 10&apos;, os.arch: &apos;amd64&apos;, os.version: &apos;10.0&apos;, java.version: &apos;11.0.17&apos;
Driver info: org.openqa.selenium.remote.RemoteWebDriver
Capabilities {64bit: false, acceptSslCert: false, acceptSslCerts: false, adbExecTimeout: 120000, appActivity: com.android.calculator2.Cal..., appPackage: com.android.calculator2, autoGrantPermissions: true, automationName: uiautomator2, browserstack.appium_version: 1.17.0, browserstack.is_hub_canary: false, browserstack.minOSVersion: 5.0, buildName: browserstack-build-1, bundleID: com.android.calculator2, bundleId: com.android.calculator2, capabilities: {64bit: false, acceptSslCert: false, acceptSslCerts: false, adbExecTimeout: 120000, appActivity: com.android.calculator2.Cal..., appPackage: com.android.calculator2, autoGrantPermissions: true, automationName: uiautomator2, browserstack.appium_version: 1.17.0, browserstack.is_hub_canary: false, browserstack.minOSVersion: 5.0, buildName: browserstack-build-1, bundleID: com.android.calculator2, bundleId: com.android.calculator2, chromeOptions: {w3c: false}, chromedriverArgs: [--adb-port=5038], chromedriverPort: 18080, chromedriverPorts: [[18100, 18110]], databaseEnabled: false, detected_language: selenium/unknown (java wind..., device: samsung galaxy s23 ultra, deviceApiLevel: 33, deviceManufacturer: samsung, deviceModel: SM-S918B, deviceName: RFCW11RP1SP, deviceScreenDensity: 450, deviceScreenSize: 1080x2316, deviceUDID: RFCW11RP1SP, disableSuppressAccessibilityService: true, enablePerformanceLogging: false, javascriptEnabled: true, locationContextEnabled: false, mobile: {browser: mobile, version: Samsung Galaxy S23 Ultra-13.0}, nativeWebScreenshot: true, networkConnectionEnabled: true, newCommandTimeout: 0, new_bucketing: true, orig_os: android, osVersion: 13.0, os_version: 13.0, pixelRatio: 2.8125, platform: ANDROID, platformName: Android, platformVersion: 13, projectName: First Java Project, realMobile: true, sessionId: 3d86fa59b1b6f86c96f2dfcd462..., sessionName: first_test, skipServerInstallation: true, statBarHeight: 75, systemPort: 8200, takesScreenshot: true, udid: RFCW11RP1SP, uiautomator2ServerLaunchTimeout: 60000, version: , viewportRect: {height: 2031, left: 0, top: 75, width: 1080}, warnings: {}, webStorageEnabled: false}, chromeOptions: {w3c: false}, chromedriverArgs: [--adb-port=5038], chromedriverPort: 18080, chromedriverPorts: [[18100, 18110]], databaseEnabled: false, detected_language: selenium/unknown (java wind..., device: samsung galaxy s23 ultra, deviceApiLevel: 33, deviceManufacturer: samsung, deviceModel: SM-S918B, deviceName: RFCW11RP1SP, deviceScreenDensity: 450, deviceScreenSize: 1080x2316, deviceUDID: RFCW11RP1SP, disableSuppressAccessibilityService: true, enablePerformanceLogging: false, javascriptEnabled: true, locationContextEnabled: false, mobile: {browser: mobile, version: Samsung Galaxy S23 Ultra-13.0}, nativeWebScreenshot: true, networkConnectionEnabled: true, newCommandTimeout: 0, new_bucketing: true, orig_os: android, osVersion: 13.0, os_version: 13.0, pixelRatio: 2.8125, platform: ANDROID, platformName: ANDROID, platformVersion: 13, projectName: First Java Project, realMobile: true, sessionId: 3d86fa59b1b6f86c96f2dfcd462..., sessionName: first_test, skipServerInstallation: true, statBarHeight: 75, systemPort: 8200, takesScreenshot: true, udid: RFCW11RP1SP, uiautomator2ServerLaunchTimeout: 60000, version: , viewportRect: {height: 2031, left: 0, top: 75, width: 1080}, warnings: {}, webStorageEnabled: false}
Session ID: 3d86fa59b1b6f86c96f2dfcd462d37c2b712e4dd
*** Element info: {Using=id, value=btn1}
	at org.openqa.selenium.remote.ErrorHandler.a(Unknown Source)
	at org.openqa.selenium.remote.ErrorHandler.throwIfResponseFailed(Unknown Source)
	at org.openqa.selenium.remote.http.JsonHttpResponseCodec.reconstructValue(Unknown Source)
	at org.openqa.selenium.remote.http.AbstractHttpResponseCodec.decode(Unknown Source)
	at org.openqa.selenium.remote.http.AbstractHttpResponseCodec.decode(Unknown Source)
	at org.openqa.selenium.remote.HttpCommandExecutor.execute(Unknown Source)
	at org.openqa.selenium.remote.RemoteWebDriver.execute(Unknown Source)
	at org.openqa.selenium.remote.RemoteWebDriver.findElement(Unknown Source)
	at org.openqa.selenium.remote.RemoteWebDriver.findElementById(Unknown Source)
	at org.openqa.selenium.By$ById.findElement(Unknown Source)
	at org.openqa.selenium.remote.RemoteWebDriver.findElement(Unknown Source)
	at com.employee.CameraAccessTest4.empId(CameraAccessTest4.java:52)
	at java.base/java.util.concurrent.ThreadPoolExecutor.runWorker(ThreadPoolExecutor.java:1128)
	at java.base/java.util.concurrent.ThreadPoolExecutor$Worker.run(ThreadPoolExecutor.java:628)
	at java.base/java.lang.Thread.run(Thread.java:834)
... Removed 16 stack frames</pre></div><a href='#' onClick='toggleBox("stack-trace1640927287", this, "Click to show all stack frames", "Click to hide stack frames")'>Click to show all stack frames</a>
<div class='stack-trace' id='stack-trace1640927287'><pre>org.openqa.selenium.NoSuchElementException: An element could not be located on the page using the given search parameters. (WARNING: The server did not provide any stacktrace information)
Command duration or timeout: 0 milliseconds
For documentation on this error, please visit: https://www.seleniumhq.org/exceptions/no_such_element.html
Build info: version: &apos;unknown&apos;, revision: &apos;unknown&apos;, time: &apos;unknown&apos;
System info: host: &apos;DCKAQOC-050&apos;, ip: &apos;192.168.1.5&apos;, os.name: &apos;Windows 10&apos;, os.arch: &apos;amd64&apos;, os.version: &apos;10.0&apos;, java.version: &apos;11.0.17&apos;
Driver info: org.openqa.selenium.remote.RemoteWebDriver
Capabilities {64bit: false, acceptSslCert: false, acceptSslCerts: false, adbExecTimeout: 120000, appActivity: com.android.calculator2.Cal..., appPackage: com.android.calculator2, autoGrantPermissions: true, automationName: uiautomator2, browserstack.appium_version: 1.17.0, browserstack.is_hub_canary: false, browserstack.minOSVersion: 5.0, buildName: browserstack-build-1, bundleID: com.android.calculator2, bundleId: com.android.calculator2, capabilities: {64bit: false, acceptSslCert: false, acceptSslCerts: false, adbExecTimeout: 120000, appActivity: com.android.calculator2.Cal..., appPackage: com.android.calculator2, autoGrantPermissions: true, automationName: uiautomator2, browserstack.appium_version: 1.17.0, browserstack.is_hub_canary: false, browserstack.minOSVersion: 5.0, buildName: browserstack-build-1, bundleID: com.android.calculator2, bundleId: com.android.calculator2, chromeOptions: {w3c: false}, chromedriverArgs: [--adb-port=5038], chromedriverPort: 18080, chromedriverPorts: [[18100, 18110]], databaseEnabled: false, detected_language: selenium/unknown (java wind..., device: samsung galaxy s23 ultra, deviceApiLevel: 33, deviceManufacturer: samsung, deviceModel: SM-S918B, deviceName: RFCW11RP1SP, deviceScreenDensity: 450, deviceScreenSize: 1080x2316, deviceUDID: RFCW11RP1SP, disableSuppressAccessibilityService: true, enablePerformanceLogging: false, javascriptEnabled: true, locationContextEnabled: false, mobile: {browser: mobile, version: Samsung Galaxy S23 Ultra-13.0}, nativeWebScreenshot: true, networkConnectionEnabled: true, newCommandTimeout: 0, new_bucketing: true, orig_os: android, osVersion: 13.0, os_version: 13.0, pixelRatio: 2.8125, platform: ANDROID, platformName: Android, platformVersion: 13, projectName: First Java Project, realMobile: true, sessionId: 3d86fa59b1b6f86c96f2dfcd462..., sessionName: first_test, skipServerInstallation: true, statBarHeight: 75, systemPort: 8200, takesScreenshot: true, udid: RFCW11RP1SP, uiautomator2ServerLaunchTimeout: 60000, version: , viewportRect: {height: 2031, left: 0, top: 75, width: 1080}, warnings: {}, webStorageEnabled: false}, chromeOptions: {w3c: false}, chromedriverArgs: [--adb-port=5038], chromedriverPort: 18080, chromedriverPorts: [[18100, 18110]], databaseEnabled: false, detected_language: selenium/unknown (java wind..., device: samsung galaxy s23 ultra, deviceApiLevel: 33, deviceManufacturer: samsung, deviceModel: SM-S918B, deviceName: RFCW11RP1SP, deviceScreenDensity: 450, deviceScreenSize: 1080x2316, deviceUDID: RFCW11RP1SP, disableSuppressAccessibilityService: true, enablePerformanceLogging: false, javascriptEnabled: true, locationContextEnabled: false, mobile: {browser: mobile, version: Samsung Galaxy S23 Ultra-13.0}, nativeWebScreenshot: true, networkConnectionEnabled: true, newCommandTimeout: 0, new_bucketing: true, orig_os: android, osVersion: 13.0, os_version: 13.0, pixelRatio: 2.8125, platform: ANDROID, platformName: ANDROID, platformVersion: 13, projectName: First Java Project, realMobile: true, sessionId: 3d86fa59b1b6f86c96f2dfcd462..., sessionName: first_test, skipServerInstallation: true, statBarHeight: 75, systemPort: 8200, takesScreenshot: true, udid: RFCW11RP1SP, uiautomator2ServerLaunchTimeout: 60000, version: , viewportRect: {height: 2031, left: 0, top: 75, width: 1080}, warnings: {}, webStorageEnabled: false}
Session ID: 3d86fa59b1b6f86c96f2dfcd462d37c2b712e4dd
*** Element info: {Using=id, value=btn1}
	at java.base/jdk.internal.reflect.NativeConstructorAccessorImpl.newInstance0(Native Method)
	at java.base/jdk.internal.reflect.NativeConstructorAccessorImpl.newInstance(NativeConstructorAccessorImpl.java:62)
	at java.base/jdk.internal.reflect.DelegatingConstructorAccessorImpl.newInstance(DelegatingConstructorAccessorImpl.java:45)
	at java.base/java.lang.reflect.Constructor.newInstance(Constructor.java:490)
	at org.openqa.selenium.remote.ErrorHandler.a(Unknown Source)
	at org.openqa.selenium.remote.ErrorHandler.throwIfResponseFailed(Unknown Source)
	at org.openqa.selenium.remote.http.JsonHttpResponseCodec.reconstructValue(Unknown Source)
	at org.openqa.selenium.remote.http.AbstractHttpResponseCodec.decode(Unknown Source)
	at org.openqa.selenium.remote.http.AbstractHttpResponseCodec.decode(Unknown Source)
	at org.openqa.selenium.remote.HttpCommandExecutor.execute(Unknown Source)
	at org.openqa.selenium.remote.RemoteWebDriver.execute(Unknown Source)
	at org.openqa.selenium.remote.RemoteWebDriver.findElement(Unknown Source)
	at org.openqa.selenium.remote.RemoteWebDriver.findElementById(Unknown Source)
	at org.openqa.selenium.By$ById.findElement(Unknown Source)
	at org.openqa.selenium.remote.RemoteWebDriver.findElement(Unknown Source)
	at com.employee.CameraAccessTest4.empId(CameraAccessTest4.java:52)
	at java.base/jdk.internal.reflect.NativeMethodAccessorImpl.invoke0(Native Method)
	at java.base/jdk.internal.reflect.NativeMethodAccessorImpl.invoke(NativeMethodAccessorImpl.java:62)
	at java.base/jdk.internal.reflect.DelegatingMethodAccessorImpl.invoke(DelegatingMethodAccessorImpl.java:43)
	at java.base/java.lang.reflect.Method.invoke(Method.java:566)
	at org.testng.internal.invokers.MethodInvocationHelper.invokeMethod(MethodInvocationHelper.java:139)
	at org.testng.internal.invokers.TestInvoker.invokeMethod(TestInvoker.java:677)
	at org.testng.internal.invokers.TestInvoker.invokeTestMethod(TestInvoker.java:221)
	at org.testng.internal.invokers.MethodRunner.runInSequence(MethodRunner.java:50)
	at org.testng.internal.invokers.TestInvoker$MethodInvocationAgent.invoke(TestInvoker.java:962)
	at org.testng.internal.invokers.TestInvoker.invokeTestMethods(TestInvoker.java:194)
	at org.testng.internal.invokers.TestMethodWorker.invokeTestMethods(TestMethodWorker.java:148)
	at org.testng.internal.invokers.TestMethodWorker.run(TestMethodWorker.java:128)
	at java.base/java.util.concurrent.ThreadPoolExecutor.runWorker(ThreadPoolExecutor.java:1128)
	at java.base/java.util.concurrent.ThreadPoolExecutor$Worker.run(ThreadPoolExecutor.java:628)
	at java.base/java.lang.Thread.run(Thread.java:834)
</pre></div></td>
<td>47</td>
<td>com.employee.CameraAccessTest4@650eab8</td></tr>
<tr>
<td title='com.employee.CameraAccessTest.empId()'><b>empId</b><br>Test class: com.employee.CameraAccessTest</td>
<td><div><pre>org.openqa.selenium.NoSuchElementException: An element could not be located on the page using the given search parameters. (WARNING: The server did not provide any stacktrace information)
Command duration or timeout: 0 milliseconds
For documentation on this error, please visit: https://www.seleniumhq.org/exceptions/no_such_element.html
Build info: version: &apos;unknown&apos;, revision: &apos;unknown&apos;, time: &apos;unknown&apos;
System info: host: &apos;DCKAQOC-050&apos;, ip: &apos;192.168.1.5&apos;, os.name: &apos;Windows 10&apos;, os.arch: &apos;amd64&apos;, os.version: &apos;10.0&apos;, java.version: &apos;11.0.17&apos;
Driver info: org.openqa.selenium.remote.RemoteWebDriver
Capabilities {64bit: false, acceptSslCert: false, acceptSslCerts: false, adbExecTimeout: 120000, appActivity: com.android.calculator2.Cal..., appPackage: com.android.calculator2, autoGrantPermissions: true, automationName: uiautomator2, browserstack.appium_version: 1.17.0, browserstack.is_hub_canary: false, browserstack.minOSVersion: 5.0, buildName: browserstack-build-1, bundleID: com.android.calculator2, bundleId: com.android.calculator2, capabilities: {64bit: false, acceptSslCert: false, acceptSslCerts: false, adbExecTimeout: 120000, appActivity: com.android.calculator2.Cal..., appPackage: com.android.calculator2, autoGrantPermissions: true, automationName: uiautomator2, browserstack.appium_version: 1.17.0, browserstack.is_hub_canary: false, browserstack.minOSVersion: 5.0, buildName: browserstack-build-1, bundleID: com.android.calculator2, bundleId: com.android.calculator2, chromeOptions: {w3c: false}, chromedriverArgs: [--adb-port=5038], chromedriverPort: 18082, chromedriverPorts: [[18122, 18132]], databaseEnabled: false, detected_language: selenium/unknown (java wind..., device: samsung galaxy s23 ultra, deviceApiLevel: 33, deviceManufacturer: samsung, deviceModel: SM-S918B, deviceName: RFCW11SCRMN, deviceScreenDensity: 450, deviceScreenSize: 1080x2316, deviceUDID: RFCW11SCRMN, disableSuppressAccessibilityService: true, enablePerformanceLogging: false, javascriptEnabled: true, locationContextEnabled: false, mobile: {browser: mobile, version: Samsung Galaxy S23 Ultra-13.0}, nativeWebScreenshot: true, networkConnectionEnabled: true, newCommandTimeout: 0, new_bucketing: true, orig_os: android, osVersion: 13.0, os_version: 13.0, pixelRatio: 2.8125, platform: ANDROID, platformName: Android, platformVersion: 13, projectName: First Java Project, realMobile: true, sessionId: 710caf3337f9ac46dca74e6fc3f..., sessionName: first_test, skipServerInstallation: true, statBarHeight: 75, systemPort: 8202, takesScreenshot: true, udid: RFCW11SCRMN, uiautomator2ServerLaunchTimeout: 60000, version: , viewportRect: {height: 2031, left: 0, top: 75, width: 1080}, warnings: {}, webStorageEnabled: false}, chromeOptions: {w3c: false}, chromedriverArgs: [--adb-port=5038], chromedriverPort: 18082, chromedriverPorts: [[18122, 18132]], databaseEnabled: false, detected_language: selenium/unknown (java wind..., device: samsung galaxy s23 ultra, deviceApiLevel: 33, deviceManufacturer: samsung, deviceModel: SM-S918B, deviceName: RFCW11SCRMN, deviceScreenDensity: 450, deviceScreenSize: 1080x2316, deviceUDID: RFCW11SCRMN, disableSuppressAccessibilityService: true, enablePerformanceLogging: false, javascriptEnabled: true, locationContextEnabled: false, mobile: {browser: mobile, version: Samsung Galaxy S23 Ultra-13.0}, nativeWebScreenshot: true, networkConnectionEnabled: true, newCommandTimeout: 0, new_bucketing: true, orig_os: android, osVersion: 13.0, os_version: 13.0, pixelRatio: 2.8125, platform: ANDROID, platformName: ANDROID, platformVersion: 13, projectName: First Java Project, realMobile: true, sessionId: 710caf3337f9ac46dca74e6fc3f..., sessionName: first_test, skipServerInstallation: true, statBarHeight: 75, systemPort: 8202, takesScreenshot: true, udid: RFCW11SCRMN, uiautomator2ServerLaunchTimeout: 60000, version: , viewportRect: {height: 2031, left: 0, top: 75, width: 1080}, warnings: {}, webStorageEnabled: false}
Session ID: 710caf3337f9ac46dca74e6fc3f16f3e9e1516a3
*** Element info: {Using=id, value=btn1}
	at org.openqa.selenium.remote.ErrorHandler.a(Unknown Source)
	at org.openqa.selenium.remote.ErrorHandler.throwIfResponseFailed(Unknown Source)
	at org.openqa.selenium.remote.http.JsonHttpResponseCodec.reconstructValue(Unknown Source)
	at org.openqa.selenium.remote.http.AbstractHttpResponseCodec.decode(Unknown Source)
	at org.openqa.selenium.remote.http.AbstractHttpResponseCodec.decode(Unknown Source)
	at org.openqa.selenium.remote.HttpCommandExecutor.execute(Unknown Source)
	at org.openqa.selenium.remote.RemoteWebDriver.execute(Unknown Source)
	at org.openqa.selenium.remote.RemoteWebDriver.findElement(Unknown Source)
	at org.openqa.selenium.remote.RemoteWebDriver.findElementById(Unknown Source)
	at org.openqa.selenium.By$ById.findElement(Unknown Source)
	at org.openqa.selenium.remote.RemoteWebDriver.findElement(Unknown Source)
	at com.employee.CameraAccessTest.empId(CameraAccessTest.java:52)
	at java.base/java.util.concurrent.ThreadPoolExecutor.runWorker(ThreadPoolExecutor.java:1128)
	at java.base/java.util.concurrent.ThreadPoolExecutor$Worker.run(ThreadPoolExecutor.java:628)
	at java.base/java.lang.Thread.run(Thread.java:834)
... Removed 16 stack frames</pre></div><a href='#' onClick='toggleBox("stack-trace1637951128", this, "Click to show all stack frames", "Click to hide stack frames")'>Click to show all stack frames</a>
<div class='stack-trace' id='stack-trace1637951128'><pre>org.openqa.selenium.NoSuchElementException: An element could not be located on the page using the given search parameters. (WARNING: The server did not provide any stacktrace information)
Command duration or timeout: 0 milliseconds
For documentation on this error, please visit: https://www.seleniumhq.org/exceptions/no_such_element.html
Build info: version: &apos;unknown&apos;, revision: &apos;unknown&apos;, time: &apos;unknown&apos;
System info: host: &apos;DCKAQOC-050&apos;, ip: &apos;192.168.1.5&apos;, os.name: &apos;Windows 10&apos;, os.arch: &apos;amd64&apos;, os.version: &apos;10.0&apos;, java.version: &apos;11.0.17&apos;
Driver info: org.openqa.selenium.remote.RemoteWebDriver
Capabilities {64bit: false, acceptSslCert: false, acceptSslCerts: false, adbExecTimeout: 120000, appActivity: com.android.calculator2.Cal..., appPackage: com.android.calculator2, autoGrantPermissions: true, automationName: uiautomator2, browserstack.appium_version: 1.17.0, browserstack.is_hub_canary: false, browserstack.minOSVersion: 5.0, buildName: browserstack-build-1, bundleID: com.android.calculator2, bundleId: com.android.calculator2, capabilities: {64bit: false, acceptSslCert: false, acceptSslCerts: false, adbExecTimeout: 120000, appActivity: com.android.calculator2.Cal..., appPackage: com.android.calculator2, autoGrantPermissions: true, automationName: uiautomator2, browserstack.appium_version: 1.17.0, browserstack.is_hub_canary: false, browserstack.minOSVersion: 5.0, buildName: browserstack-build-1, bundleID: com.android.calculator2, bundleId: com.android.calculator2, chromeOptions: {w3c: false}, chromedriverArgs: [--adb-port=5038], chromedriverPort: 18082, chromedriverPorts: [[18122, 18132]], databaseEnabled: false, detected_language: selenium/unknown (java wind..., device: samsung galaxy s23 ultra, deviceApiLevel: 33, deviceManufacturer: samsung, deviceModel: SM-S918B, deviceName: RFCW11SCRMN, deviceScreenDensity: 450, deviceScreenSize: 1080x2316, deviceUDID: RFCW11SCRMN, disableSuppressAccessibilityService: true, enablePerformanceLogging: false, javascriptEnabled: true, locationContextEnabled: false, mobile: {browser: mobile, version: Samsung Galaxy S23 Ultra-13.0}, nativeWebScreenshot: true, networkConnectionEnabled: true, newCommandTimeout: 0, new_bucketing: true, orig_os: android, osVersion: 13.0, os_version: 13.0, pixelRatio: 2.8125, platform: ANDROID, platformName: Android, platformVersion: 13, projectName: First Java Project, realMobile: true, sessionId: 710caf3337f9ac46dca74e6fc3f..., sessionName: first_test, skipServerInstallation: true, statBarHeight: 75, systemPort: 8202, takesScreenshot: true, udid: RFCW11SCRMN, uiautomator2ServerLaunchTimeout: 60000, version: , viewportRect: {height: 2031, left: 0, top: 75, width: 1080}, warnings: {}, webStorageEnabled: false}, chromeOptions: {w3c: false}, chromedriverArgs: [--adb-port=5038], chromedriverPort: 18082, chromedriverPorts: [[18122, 18132]], databaseEnabled: false, detected_language: selenium/unknown (java wind..., device: samsung galaxy s23 ultra, deviceApiLevel: 33, deviceManufacturer: samsung, deviceModel: SM-S918B, deviceName: RFCW11SCRMN, deviceScreenDensity: 450, deviceScreenSize: 1080x2316, deviceUDID: RFCW11SCRMN, disableSuppressAccessibilityService: true, enablePerformanceLogging: false, javascriptEnabled: true, locationContextEnabled: false, mobile: {browser: mobile, version: Samsung Galaxy S23 Ultra-13.0}, nativeWebScreenshot: true, networkConnectionEnabled: true, newCommandTimeout: 0, new_bucketing: true, orig_os: android, osVersion: 13.0, os_version: 13.0, pixelRatio: 2.8125, platform: ANDROID, platformName: ANDROID, platformVersion: 13, projectName: First Java Project, realMobile: true, sessionId: 710caf3337f9ac46dca74e6fc3f..., sessionName: first_test, skipServerInstallation: true, statBarHeight: 75, systemPort: 8202, takesScreenshot: true, udid: RFCW11SCRMN, uiautomator2ServerLaunchTimeout: 60000, version: , viewportRect: {height: 2031, left: 0, top: 75, width: 1080}, warnings: {}, webStorageEnabled: false}
Session ID: 710caf3337f9ac46dca74e6fc3f16f3e9e1516a3
*** Element info: {Using=id, value=btn1}
	at java.base/jdk.internal.reflect.NativeConstructorAccessorImpl.newInstance0(Native Method)
	at java.base/jdk.internal.reflect.NativeConstructorAccessorImpl.newInstance(NativeConstructorAccessorImpl.java:62)
	at java.base/jdk.internal.reflect.DelegatingConstructorAccessorImpl.newInstance(DelegatingConstructorAccessorImpl.java:45)
	at java.base/java.lang.reflect.Constructor.newInstance(Constructor.java:490)
	at org.openqa.selenium.remote.ErrorHandler.a(Unknown Source)
	at org.openqa.selenium.remote.ErrorHandler.throwIfResponseFailed(Unknown Source)
	at org.openqa.selenium.remote.http.JsonHttpResponseCodec.reconstructValue(Unknown Source)
	at org.openqa.selenium.remote.http.AbstractHttpResponseCodec.decode(Unknown Source)
	at org.openqa.selenium.remote.http.AbstractHttpResponseCodec.decode(Unknown Source)
	at org.openqa.selenium.remote.HttpCommandExecutor.execute(Unknown Source)
	at org.openqa.selenium.remote.RemoteWebDriver.execute(Unknown Source)
	at org.openqa.selenium.remote.RemoteWebDriver.findElement(Unknown Source)
	at org.openqa.selenium.remote.RemoteWebDriver.findElementById(Unknown Source)
	at org.openqa.selenium.By$ById.findElement(Unknown Source)
	at org.openqa.selenium.remote.RemoteWebDriver.findElement(Unknown Source)
	at com.employee.CameraAccessTest.empId(CameraAccessTest.java:52)
	at java.base/jdk.internal.reflect.NativeMethodAccessorImpl.invoke0(Native Method)
	at java.base/jdk.internal.reflect.NativeMethodAccessorImpl.invoke(NativeMethodAccessorImpl.java:62)
	at java.base/jdk.internal.reflect.DelegatingMethodAccessorImpl.invoke(DelegatingMethodAccessorImpl.java:43)
	at java.base/java.lang.reflect.Method.invoke(Method.java:566)
	at org.testng.internal.invokers.MethodInvocationHelper.invokeMethod(MethodInvocationHelper.java:139)
	at org.testng.internal.invokers.TestInvoker.invokeMethod(TestInvoker.java:677)
	at org.testng.internal.invokers.TestInvoker.invokeTestMethod(TestInvoker.java:221)
	at org.testng.internal.invokers.MethodRunner.runInSequence(MethodRunner.java:50)
	at org.testng.internal.invokers.TestInvoker$MethodInvocationAgent.invoke(TestInvoker.java:962)
	at org.testng.internal.invokers.TestInvoker.invokeTestMethods(TestInvoker.java:194)
	at org.testng.internal.invokers.TestMethodWorker.invokeTestMethods(TestMethodWorker.java:148)
	at org.testng.internal.invokers.TestMethodWorker.run(TestMethodWorker.java:128)
	at java.base/java.util.concurrent.ThreadPoolExecutor.runWorker(ThreadPoolExecutor.java:1128)
	at java.base/java.util.concurrent.ThreadPoolExecutor$Worker.run(ThreadPoolExecutor.java:628)
	at java.base/java.lang.Thread.run(Thread.java:834)
</pre></div></td>
<td>51</td>
<td>com.employee.CameraAccessTest@4f2c9ba6</td></tr>
<tr>
<td title='com.employee.CameraAccessTest5.empId()'><b>empId</b><br>Test class: com.employee.CameraAccessTest5</td>
<td><div><pre>org.openqa.selenium.NoSuchElementException: An element could not be located on the page using the given search parameters. (WARNING: The server did not provide any stacktrace information)
Command duration or timeout: 0 milliseconds
For documentation on this error, please visit: https://www.seleniumhq.org/exceptions/no_such_element.html
Build info: version: &apos;unknown&apos;, revision: &apos;unknown&apos;, time: &apos;unknown&apos;
System info: host: &apos;DCKAQOC-050&apos;, ip: &apos;192.168.1.5&apos;, os.name: &apos;Windows 10&apos;, os.arch: &apos;amd64&apos;, os.version: &apos;10.0&apos;, java.version: &apos;11.0.17&apos;
Driver info: org.openqa.selenium.remote.RemoteWebDriver
Capabilities {64bit: false, acceptSslCert: false, acceptSslCerts: false, adbExecTimeout: 120000, appActivity: com.android.calculator2.Cal..., appPackage: com.android.calculator2, autoGrantPermissions: true, automationName: uiautomator2, browserstack.appium_version: 1.17.0, browserstack.is_hub_canary: false, browserstack.minOSVersion: 5.0, buildName: browserstack-build-1, bundleID: com.android.calculator2, bundleId: com.android.calculator2, capabilities: {64bit: false, acceptSslCert: false, acceptSslCerts: false, adbExecTimeout: 120000, appActivity: com.android.calculator2.Cal..., appPackage: com.android.calculator2, autoGrantPermissions: true, automationName: uiautomator2, browserstack.appium_version: 1.17.0, browserstack.is_hub_canary: false, browserstack.minOSVersion: 5.0, buildName: browserstack-build-1, bundleID: com.android.calculator2, bundleId: com.android.calculator2, chromeOptions: {w3c: false}, chromedriverArgs: [--adb-port=5038], chromedriverPort: 18085, chromedriverPorts: [[18155, 18165]], databaseEnabled: false, detected_language: selenium/unknown (java wind..., device: samsung galaxy s23 ultra, deviceApiLevel: 33, deviceManufacturer: samsung, deviceModel: SM-S918B, deviceName: RFCW11SDTNL, deviceScreenDensity: 450, deviceScreenSize: 1080x2316, deviceUDID: RFCW11SDTNL, disableSuppressAccessibilityService: true, enablePerformanceLogging: false, javascriptEnabled: true, locationContextEnabled: false, mobile: {browser: mobile, version: Samsung Galaxy S23 Ultra-13.0}, nativeWebScreenshot: true, networkConnectionEnabled: true, newCommandTimeout: 0, new_bucketing: true, orig_os: android, osVersion: 13.0, os_version: 13.0, pixelRatio: 2.8125, platform: ANDROID, platformName: Android, platformVersion: 13, projectName: First Java Project, realMobile: true, sessionId: 9a94b60f8228fe6e06c6b4f7543..., sessionName: first_test, skipServerInstallation: true, statBarHeight: 75, systemPort: 8205, takesScreenshot: true, udid: RFCW11SDTNL, uiautomator2ServerLaunchTimeout: 60000, version: , viewportRect: {height: 2031, left: 0, top: 75, width: 1080}, warnings: {}, webStorageEnabled: false}, chromeOptions: {w3c: false}, chromedriverArgs: [--adb-port=5038], chromedriverPort: 18085, chromedriverPorts: [[18155, 18165]], databaseEnabled: false, detected_language: selenium/unknown (java wind..., device: samsung galaxy s23 ultra, deviceApiLevel: 33, deviceManufacturer: samsung, deviceModel: SM-S918B, deviceName: RFCW11SDTNL, deviceScreenDensity: 450, deviceScreenSize: 1080x2316, deviceUDID: RFCW11SDTNL, disableSuppressAccessibilityService: true, enablePerformanceLogging: false, javascriptEnabled: true, locationContextEnabled: false, mobile: {browser: mobile, version: Samsung Galaxy S23 Ultra-13.0}, nativeWebScreenshot: true, networkConnectionEnabled: true, newCommandTimeout: 0, new_bucketing: true, orig_os: android, osVersion: 13.0, os_version: 13.0, pixelRatio: 2.8125, platform: ANDROID, platformName: ANDROID, platformVersion: 13, projectName: First Java Project, realMobile: true, sessionId: 9a94b60f8228fe6e06c6b4f7543..., sessionName: first_test, skipServerInstallation: true, statBarHeight: 75, systemPort: 8205, takesScreenshot: true, udid: RFCW11SDTNL, uiautomator2ServerLaunchTimeout: 60000, version: , viewportRect: {height: 2031, left: 0, top: 75, width: 1080}, warnings: {}, webStorageEnabled: false}
Session ID: 9a94b60f8228fe6e06c6b4f75436d3a857010e72
*** Element info: {Using=id, value=btn1}
	at org.openqa.selenium.remote.ErrorHandler.a(Unknown Source)
	at org.openqa.selenium.remote.ErrorHandler.throwIfResponseFailed(Unknown Source)
	at org.openqa.selenium.remote.http.JsonHttpResponseCodec.reconstructValue(Unknown Source)
	at org.openqa.selenium.remote.http.AbstractHttpResponseCodec.decode(Unknown Source)
	at org.openqa.selenium.remote.http.AbstractHttpResponseCodec.decode(Unknown Source)
	at org.openqa.selenium.remote.HttpCommandExecutor.execute(Unknown Source)
	at org.openqa.selenium.remote.RemoteWebDriver.execute(Unknown Source)
	at org.openqa.selenium.remote.RemoteWebDriver.findElement(Unknown Source)
	at org.openqa.selenium.remote.RemoteWebDriver.findElementById(Unknown Source)
	at org.openqa.selenium.By$ById.findElement(Unknown Source)
	at org.openqa.selenium.remote.RemoteWebDriver.findElement(Unknown Source)
	at com.employee.CameraAccessTest5.empId(CameraAccessTest5.java:52)
	at java.base/java.util.concurrent.ThreadPoolExecutor.runWorker(ThreadPoolExecutor.java:1128)
	at java.base/java.util.concurrent.ThreadPoolExecutor$Worker.run(ThreadPoolExecutor.java:628)
	at java.base/java.lang.Thread.run(Thread.java:834)
... Removed 16 stack frames</pre></div><a href='#' onClick='toggleBox("stack-trace2111369924", this, "Click to show all stack frames", "Click to hide stack frames")'>Click to show all stack frames</a>
<div class='stack-trace' id='stack-trace2111369924'><pre>org.openqa.selenium.NoSuchElementException: An element could not be located on the page using the given search parameters. (WARNING: The server did not provide any stacktrace information)
Command duration or timeout: 0 milliseconds
For documentation on this error, please visit: https://www.seleniumhq.org/exceptions/no_such_element.html
Build info: version: &apos;unknown&apos;, revision: &apos;unknown&apos;, time: &apos;unknown&apos;
System info: host: &apos;DCKAQOC-050&apos;, ip: &apos;192.168.1.5&apos;, os.name: &apos;Windows 10&apos;, os.arch: &apos;amd64&apos;, os.version: &apos;10.0&apos;, java.version: &apos;11.0.17&apos;
Driver info: org.openqa.selenium.remote.RemoteWebDriver
Capabilities {64bit: false, acceptSslCert: false, acceptSslCerts: false, adbExecTimeout: 120000, appActivity: com.android.calculator2.Cal..., appPackage: com.android.calculator2, autoGrantPermissions: true, automationName: uiautomator2, browserstack.appium_version: 1.17.0, browserstack.is_hub_canary: false, browserstack.minOSVersion: 5.0, buildName: browserstack-build-1, bundleID: com.android.calculator2, bundleId: com.android.calculator2, capabilities: {64bit: false, acceptSslCert: false, acceptSslCerts: false, adbExecTimeout: 120000, appActivity: com.android.calculator2.Cal..., appPackage: com.android.calculator2, autoGrantPermissions: true, automationName: uiautomator2, browserstack.appium_version: 1.17.0, browserstack.is_hub_canary: false, browserstack.minOSVersion: 5.0, buildName: browserstack-build-1, bundleID: com.android.calculator2, bundleId: com.android.calculator2, chromeOptions: {w3c: false}, chromedriverArgs: [--adb-port=5038], chromedriverPort: 18085, chromedriverPorts: [[18155, 18165]], databaseEnabled: false, detected_language: selenium/unknown (java wind..., device: samsung galaxy s23 ultra, deviceApiLevel: 33, deviceManufacturer: samsung, deviceModel: SM-S918B, deviceName: RFCW11SDTNL, deviceScreenDensity: 450, deviceScreenSize: 1080x2316, deviceUDID: RFCW11SDTNL, disableSuppressAccessibilityService: true, enablePerformanceLogging: false, javascriptEnabled: true, locationContextEnabled: false, mobile: {browser: mobile, version: Samsung Galaxy S23 Ultra-13.0}, nativeWebScreenshot: true, networkConnectionEnabled: true, newCommandTimeout: 0, new_bucketing: true, orig_os: android, osVersion: 13.0, os_version: 13.0, pixelRatio: 2.8125, platform: ANDROID, platformName: Android, platformVersion: 13, projectName: First Java Project, realMobile: true, sessionId: 9a94b60f8228fe6e06c6b4f7543..., sessionName: first_test, skipServerInstallation: true, statBarHeight: 75, systemPort: 8205, takesScreenshot: true, udid: RFCW11SDTNL, uiautomator2ServerLaunchTimeout: 60000, version: , viewportRect: {height: 2031, left: 0, top: 75, width: 1080}, warnings: {}, webStorageEnabled: false}, chromeOptions: {w3c: false}, chromedriverArgs: [--adb-port=5038], chromedriverPort: 18085, chromedriverPorts: [[18155, 18165]], databaseEnabled: false, detected_language: selenium/unknown (java wind..., device: samsung galaxy s23 ultra, deviceApiLevel: 33, deviceManufacturer: samsung, deviceModel: SM-S918B, deviceName: RFCW11SDTNL, deviceScreenDensity: 450, deviceScreenSize: 1080x2316, deviceUDID: RFCW11SDTNL, disableSuppressAccessibilityService: true, enablePerformanceLogging: false, javascriptEnabled: true, locationContextEnabled: false, mobile: {browser: mobile, version: Samsung Galaxy S23 Ultra-13.0}, nativeWebScreenshot: true, networkConnectionEnabled: true, newCommandTimeout: 0, new_bucketing: true, orig_os: android, osVersion: 13.0, os_version: 13.0, pixelRatio: 2.8125, platform: ANDROID, platformName: ANDROID, platformVersion: 13, projectName: First Java Project, realMobile: true, sessionId: 9a94b60f8228fe6e06c6b4f7543..., sessionName: first_test, skipServerInstallation: true, statBarHeight: 75, systemPort: 8205, takesScreenshot: true, udid: RFCW11SDTNL, uiautomator2ServerLaunchTimeout: 60000, version: , viewportRect: {height: 2031, left: 0, top: 75, width: 1080}, warnings: {}, webStorageEnabled: false}
Session ID: 9a94b60f8228fe6e06c6b4f75436d3a857010e72
*** Element info: {Using=id, value=btn1}
	at java.base/jdk.internal.reflect.NativeConstructorAccessorImpl.newInstance0(Native Method)
	at java.base/jdk.internal.reflect.NativeConstructorAccessorImpl.newInstance(NativeConstructorAccessorImpl.java:62)
	at java.base/jdk.internal.reflect.DelegatingConstructorAccessorImpl.newInstance(DelegatingConstructorAccessorImpl.java:45)
	at java.base/java.lang.reflect.Constructor.newInstance(Constructor.java:490)
	at org.openqa.selenium.remote.ErrorHandler.a(Unknown Source)
	at org.openqa.selenium.remote.ErrorHandler.throwIfResponseFailed(Unknown Source)
	at org.openqa.selenium.remote.http.JsonHttpResponseCodec.reconstructValue(Unknown Source)
	at org.openqa.selenium.remote.http.AbstractHttpResponseCodec.decode(Unknown Source)
	at org.openqa.selenium.remote.http.AbstractHttpResponseCodec.decode(Unknown Source)
	at org.openqa.selenium.remote.HttpCommandExecutor.execute(Unknown Source)
	at org.openqa.selenium.remote.RemoteWebDriver.execute(Unknown Source)
	at org.openqa.selenium.remote.RemoteWebDriver.findElement(Unknown Source)
	at org.openqa.selenium.remote.RemoteWebDriver.findElementById(Unknown Source)
	at org.openqa.selenium.By$ById.findElement(Unknown Source)
	at org.openqa.selenium.remote.RemoteWebDriver.findElement(Unknown Source)
	at com.employee.CameraAccessTest5.empId(CameraAccessTest5.java:52)
	at java.base/jdk.internal.reflect.NativeMethodAccessorImpl.invoke0(Native Method)
	at java.base/jdk.internal.reflect.NativeMethodAccessorImpl.invoke(NativeMethodAccessorImpl.java:62)
	at java.base/jdk.internal.reflect.DelegatingMethodAccessorImpl.invoke(DelegatingMethodAccessorImpl.java:43)
	at java.base/java.lang.reflect.Method.invoke(Method.java:566)
	at org.testng.internal.invokers.MethodInvocationHelper.invokeMethod(MethodInvocationHelper.java:139)
	at org.testng.internal.invokers.TestInvoker.invokeMethod(TestInvoker.java:677)
	at org.testng.internal.invokers.TestInvoker.invokeTestMethod(TestInvoker.java:221)
	at org.testng.internal.invokers.MethodRunner.runInSequence(MethodRunner.java:50)
	at org.testng.internal.invokers.TestInvoker$MethodInvocationAgent.invoke(TestInvoker.java:962)
	at org.testng.internal.invokers.TestInvoker.invokeTestMethods(TestInvoker.java:194)
	at org.testng.internal.invokers.TestMethodWorker.invokeTestMethods(TestMethodWorker.java:148)
	at org.testng.internal.invokers.TestMethodWorker.run(TestMethodWorker.java:128)
	at java.base/java.util.concurrent.ThreadPoolExecutor.runWorker(ThreadPoolExecutor.java:1128)
	at java.base/java.util.concurrent.ThreadPoolExecutor$Worker.run(ThreadPoolExecutor.java:628)
	at java.base/java.lang.Thread.run(Thread.java:834)
</pre></div></td>
<td>48</td>
<td>com.employee.CameraAccessTest5@30f5a68a</td></tr>
</table><p>
</body>
</html>