<?xml version="1.0" encoding="UTF-8"?>
<!-- Generated by org.testng.reporters.JUnitReportReporter -->
<testsuite hostname="DCKAQOC-050" failures="0" tests="1" name="com.employee.CameraAccessTest2" time="288.728" errors="1" timestamp="2023-03-14T18:14:45 IST" skipped="0">
  <testcase classname="com.employee.CameraAccessTest2" name="empId" time="288.728">
    <error message="Could not start Mobile Browser.
 Reason: 
An unknown server-side error occurred while processing the command. Original error: Cannot start the &#039;com.android.calculator2&#039; application. Visit https://github.com/appium/appium/blob/master/docs/en/writing-running-appium/android/activity-startup.md for troubleshooting. Original error: Error executing adbExec. Original error: &#039;Command &#039;android-sdk/platform-tools/adb -P 5037 -s 88MX01NQR shell am start -W -n com.android.calculator2/com.android.calculator2.Calculator -S -a android.intent.action.MAIN -c android.intent.category.LAUNCHER -f 0x10200000&#039; timed out after 120000ms&#039;. Try to increase the 120000ms adb execution timeout represented by &#039;adbExecTimeout&#039; capability (WARNING: The server did not provide any stacktrace information)
Command duration or timeout: 287.96 seconds
Build info: version: &#039;unknown&#039;, revision: &#039;unknown&#039;, time: &#039;unknown&#039;
System info: host: &#039;DCKAQOC-050&#039;, ip: &#039;192.168.1.5&#039;, os.name: &#039;Windows 10&#039;, os.arch: &#039;amd64&#039;, os.version: &#039;10.0&#039;, java.version: &#039;11.0.17&#039;
Driver info: driver.version: RemoteWebDriver" type="org.openqa.selenium.WebDriverException">
      <![CDATA[org.openqa.selenium.WebDriverException: Could not start Mobile Browser.
 Reason: 
An unknown server-side error occurred while processing the command. Original error: Cannot start the 'com.android.calculator2' application. Visit https://github.com/appium/appium/blob/master/docs/en/writing-running-appium/android/activity-startup.md for troubleshooting. Original error: Error executing adbExec. Original error: 'Command 'android-sdk/platform-tools/adb -P 5037 -s 88MX01NQR shell am start -W -n com.android.calculator2/com.android.calculator2.Calculator -S -a android.intent.action.MAIN -c android.intent.category.LAUNCHER -f 0x10200000' timed out after 120000ms'. Try to increase the 120000ms adb execution timeout represented by 'adbExecTimeout' capability (WARNING: The server did not provide any stacktrace information)
Command duration or timeout: 287.96 seconds
Build info: version: 'unknown', revision: 'unknown', time: 'unknown'
System info: host: 'DCKAQOC-050', ip: '192.168.1.5', os.name: 'Windows 10', os.arch: 'amd64', os.version: '10.0', java.version: '11.0.17'
Driver info: driver.version: RemoteWebDriver
at java.base/jdk.internal.reflect.NativeConstructorAccessorImpl.newInstance0(Native Method)
at java.base/jdk.internal.reflect.NativeConstructorAccessorImpl.newInstance(NativeConstructorAccessorImpl.java:62)
at java.base/jdk.internal.reflect.DelegatingConstructorAccessorImpl.newInstance(DelegatingConstructorAccessorImpl.java:45)
at java.base/java.lang.reflect.Constructor.newInstance(Constructor.java:490)
at org.openqa.selenium.remote.ErrorHandler.a(Unknown Source)
at org.openqa.selenium.remote.ErrorHandler.throwIfResponseFailed(Unknown Source)
at org.openqa.selenium.remote.JsonWireProtocolResponse.b(Unknown Source)
at org.openqa.selenium.remote.HandshakeResponse.a(Unknown Source)
at org.openqa.selenium.remote.ProtocolHandshake.a(Unknown Source)
at java.base/java.util.stream.ReferencePipeline$3$1.accept(ReferencePipeline.java:195)
at java.base/java.util.Spliterators$ArraySpliterator.tryAdvance(Spliterators.java:958)
at java.base/java.util.stream.ReferencePipeline.forEachWithCancel(ReferencePipeline.java:127)
at java.base/java.util.stream.AbstractPipeline.copyIntoWithCancel(AbstractPipeline.java:502)
at java.base/java.util.stream.AbstractPipeline.copyInto(AbstractPipeline.java:488)
at java.base/java.util.stream.AbstractPipeline.wrapAndCopyInto(AbstractPipeline.java:474)
at java.base/java.util.stream.FindOps$FindOp.evaluateSequential(FindOps.java:150)
at java.base/java.util.stream.AbstractPipeline.evaluate(AbstractPipeline.java:234)
at java.base/java.util.stream.ReferencePipeline.findFirst(ReferencePipeline.java:543)
at org.openqa.selenium.remote.ProtocolHandshake.a(Unknown Source)
at org.openqa.selenium.remote.ProtocolHandshake.createSession(Unknown Source)
at org.openqa.selenium.remote.HttpCommandExecutor.execute(Unknown Source)
at org.openqa.selenium.remote.RemoteWebDriver.execute(Unknown Source)
at org.openqa.selenium.remote.RemoteWebDriver.startSession(Unknown Source)
at org.openqa.selenium.remote.RemoteWebDriver.<init>(Unknown Source)
at org.openqa.selenium.remote.RemoteWebDriver.<init>(Unknown Source)
at com.employee.CameraAccessTest2.empId(CameraAccessTest2.java:48)
at java.base/jdk.internal.reflect.NativeMethodAccessorImpl.invoke0(Native Method)
at java.base/jdk.internal.reflect.NativeMethodAccessorImpl.invoke(NativeMethodAccessorImpl.java:62)
at java.base/jdk.internal.reflect.DelegatingMethodAccessorImpl.invoke(DelegatingMethodAccessorImpl.java:43)
at java.base/java.lang.reflect.Method.invoke(Method.java:566)
at org.testng.internal.invokers.MethodInvocationHelper.invokeMethod(MethodInvocationHelper.java:139)
at org.testng.internal.invokers.TestInvoker.invokeMethod(TestInvoker.java:677)
at org.testng.internal.invokers.TestInvoker.invokeTestMethod(TestInvoker.java:221)
at org.testng.internal.invokers.MethodRunner.runInSequence(MethodRunner.java:50)
at org.testng.internal.invokers.TestInvoker$MethodInvocationAgent.invoke(TestInvoker.java:962)
at org.testng.internal.invokers.TestInvoker.invokeTestMethods(TestInvoker.java:194)
at org.testng.internal.invokers.TestMethodWorker.invokeTestMethods(TestMethodWorker.java:148)
at org.testng.internal.invokers.TestMethodWorker.run(TestMethodWorker.java:128)
at java.base/java.util.concurrent.ThreadPoolExecutor.runWorker(ThreadPoolExecutor.java:1128)
at java.base/java.util.concurrent.ThreadPoolExecutor$Worker.run(ThreadPoolExecutor.java:628)
at java.base/java.lang.Thread.run(Thread.java:834)
]]>
    </error>
  </testcase> <!-- empId -->
  <system-out/>
</testsuite> <!-- com.employee.CameraAccessTest2 -->
